<testsuites id="" name="" tests="10" failures="3" skipped="0" errors="0" time="26.075393">
<testsuite name="tests\AddItemsFromRecomdations.spec.js" timestamp="2025-08-15T05:46:26.554Z" hostname="Google Chrome" tests="1" failures="0" skipped="0" time="5.868" errors="0">
<testcase name="Adding Products From Recommendations" classname="tests\AddItemsFromRecomdations.spec.js" time="5.868">
</testcase>
</testsuite>
<testsuite name="tests\AddProductInCart.spec.js" timestamp="2025-08-15T05:46:26.554Z" hostname="Google Chrome" tests="1" failures="1" skipped="0" time="23.128" errors="0">
<testcase name="Adding Product To Cart" classname="tests\AddProductInCart.spec.js" time="23.128">
<failure message="AddProductInCart.spec.js:6:1 Adding Product To Cart" type="FAILURE">
<![CDATA[  [Google Chrome] › tests\AddProductInCart.spec.js:6:1 › Adding Product To Cart ────────────────────

    TimeoutError: locator.waitFor: Timeout 15000ms exceeded.
    Call log:
      - waiting for getByRole('button', { name: 'Continue Shopping' }) to be visible


       at pages\ProductPage.js:55

      53 |
      54 |   async continueShopping() {
    > 55 |   await this.continueShoppingBtn.waitFor({ state: 'visible', timeout: 15000 });
         |                                  ^
      56 |   await this.continueShoppingBtn.click({ force: true });
      57 | }
      58 |
        at ProductPage.continueShopping (C:\Users\intern1\Documents\WEbTest\pages\ProductPage.js:55:34)
        at C:\Users\intern1\Documents\WEbTest\tests\AddProductInCart.spec.js:15:21

    attachment #1: screenshot (image/png) ──────────────────────────────────────────────────────────
    test-results\tests-AddProductInCart-Adding-Product-To-Cart-Google-Chrome\test-failed-1.png
    ────────────────────────────────────────────────────────────────────────────────────────────────

    attachment #2: video (video/webm) ──────────────────────────────────────────────────────────────
    test-results\tests-AddProductInCart-Adding-Product-To-Cart-Google-Chrome\video.webm
    ────────────────────────────────────────────────────────────────────────────────────────────────

    Error Context: test-results\tests-AddProductInCart-Adding-Product-To-Cart-Google-Chrome\error-context.md
]]>
</failure>
<system-out>
<![CDATA[
[[ATTACHMENT|..\test-results\tests-AddProductInCart-Adding-Product-To-Cart-Google-Chrome\test-failed-1.png]]

[[ATTACHMENT|..\test-results\tests-AddProductInCart-Adding-Product-To-Cart-Google-Chrome\video.webm]]

[[ATTACHMENT|..\test-results\tests-AddProductInCart-Adding-Product-To-Cart-Google-Chrome\error-context.md]]
]]>
</system-out>
</testcase>
</testsuite>
<testsuite name="tests\Addreview.spec.js" timestamp="2025-08-15T05:46:26.554Z" hostname="Google Chrome" tests="1" failures="0" skipped="0" time="6.911" errors="0">
<testcase name="Adding Review To A Product" classname="tests\Addreview.spec.js" time="6.911">
</testcase>
</testsuite>
<testsuite name="tests\ClickingTestPage.spec.js" timestamp="2025-08-15T05:46:26.554Z" hostname="Google Chrome" tests="1" failures="1" skipped="0" time="8.444" errors="0">
<testcase name="Click Test Cases link and verify page" classname="tests\ClickingTestPage.spec.js" time="8.444">
<failure message="ClickingTestPage.spec.js:3:1 Click Test Cases link and verify page" type="FAILURE">
<![CDATA[  [Google Chrome] › tests\ClickingTestPage.spec.js:3:1 › Click Test Cases link and verify page ─────

    Error: locator.click: Error: strict mode violation: getByRole('link', { name: /Test Cases/i }) resolved to 2 elements:
        1) <a href="/test_cases">…</a> aka getByRole('link', { name: ' Test Cases' })
        2) <a href="/test_cases" class="test_cases_list">…</a> aka getByRole('link', { name: 'Test Cases', exact: true })

    Call log:
      - waiting for getByRole('link', { name: /Test Cases/i })


      4 |   await page.goto('https://www.automationexercise.com/');
      5 |
    > 6 |   await page.getByRole('link', { name: /Test Cases/i }).click();
        |                                                         ^
      7 |
      8 |   await page.waitForLoadState('networkidle');
      9 |
        at C:\Users\intern1\Documents\WEbTest\tests\ClickingTestPage.spec.js:6:57

    attachment #1: screenshot (image/png) ──────────────────────────────────────────────────────────
    test-results\tests-ClickingTestPage-Click-Test-Cases-link-and-verify-page-Google-Chrome\test-failed-1.png
    ────────────────────────────────────────────────────────────────────────────────────────────────

    attachment #2: video (video/webm) ──────────────────────────────────────────────────────────────
    test-results\tests-ClickingTestPage-Click-Test-Cases-link-and-verify-page-Google-Chrome\video.webm
    ────────────────────────────────────────────────────────────────────────────────────────────────

    Error Context: test-results\tests-ClickingTestPage-Click-Test-Cases-link-and-verify-page-Google-Chrome\error-context.md
]]>
</failure>
<system-out>
<![CDATA[
[[ATTACHMENT|..\test-results\tests-ClickingTestPage-Click-Test-Cases-link-and-verify-page-Google-Chrome\test-failed-1.png]]

[[ATTACHMENT|..\test-results\tests-ClickingTestPage-Click-Test-Cases-link-and-verify-page-Google-Chrome\video.webm]]

[[ATTACHMENT|..\test-results\tests-ClickingTestPage-Click-Test-Cases-link-and-verify-page-Google-Chrome\error-context.md]]
]]>
</system-out>
</testcase>
</testsuite>
<testsuite name="tests\example.spec.js" timestamp="2025-08-15T05:46:26.554Z" hostname="Google Chrome" tests="2" failures="0" skipped="0" time="4.923" errors="0">
<testcase name="has title" classname="tests\example.spec.js" time="2.074">
</testcase>
<testcase name="get started link" classname="tests\example.spec.js" time="2.849">
</testcase>
</testsuite>
<testsuite name="tests\FirstTest.spec.js" timestamp="2025-08-15T05:46:26.554Z" hostname="Google Chrome" tests="1" failures="0" skipped="0" time="13.461" errors="0">
<testcase name="Validate Youtube Title" classname="tests\FirstTest.spec.js" time="13.461">
</testcase>
</testsuite>
<testsuite name="tests\RemoveProduct.spec.js" timestamp="2025-08-15T05:46:26.554Z" hostname="Google Chrome" tests="1" failures="0" skipped="0" time="7.58" errors="0">
<testcase name="Remove Product from Cart" classname="tests\RemoveProduct.spec.js" time="7.58">
</testcase>
</testsuite>
<testsuite name="tests\SearchProducts.spec.js" timestamp="2025-08-15T05:46:26.554Z" hostname="Google Chrome" tests="1" failures="1" skipped="0" time="5.514" errors="0">
<testcase name="Searching Products" classname="tests\SearchProducts.spec.js" time="5.514">
<failure message="SearchProducts.spec.js:5:1 Searching Products" type="FAILURE">
<![CDATA[  [Google Chrome] › tests\SearchProducts.spec.js:5:1 › Searching Products ──────────────────────────

    Error: expect(received).toContain(expected) // indexOf

    Expected substring: "dress"
    Received string:    "sleeves top and short - blue & pink"

       at pages\ProductPage.js:80

      78 |     for (let i = 0; i < count; i++) {
      79 |       const name = await this.productNames.nth(i).textContent();
    > 80 |       expect(name.toLowerCase()).toContain(text.toLowerCase());
         |                                  ^
      81 |     }
      82 |   }
      83 |
        at ProductPage.verifySearchedProductsContain (C:\Users\intern1\Documents\WEbTest\pages\ProductPage.js:80:34)
        at C:\Users\intern1\Documents\WEbTest\tests\SearchProducts.spec.js:13:3

    attachment #1: screenshot (image/png) ──────────────────────────────────────────────────────────
    test-results\tests-SearchProducts-Searching-Products-Google-Chrome\test-failed-1.png
    ────────────────────────────────────────────────────────────────────────────────────────────────

    attachment #2: video (video/webm) ──────────────────────────────────────────────────────────────
    test-results\tests-SearchProducts-Searching-Products-Google-Chrome\video.webm
    ────────────────────────────────────────────────────────────────────────────────────────────────

    Error Context: test-results\tests-SearchProducts-Searching-Products-Google-Chrome\error-context.md
]]>
</failure>
<system-out>
<![CDATA[
[[ATTACHMENT|..\test-results\tests-SearchProducts-Searching-Products-Google-Chrome\test-failed-1.png]]

[[ATTACHMENT|..\test-results\tests-SearchProducts-Searching-Products-Google-Chrome\video.webm]]

[[ATTACHMENT|..\test-results\tests-SearchProducts-Searching-Products-Google-Chrome\error-context.md]]
]]>
</system-out>
</testcase>
</testsuite>
<testsuite name="tests\ViewingCategory.spec.js" timestamp="2025-08-15T05:46:26.554Z" hostname="Google Chrome" tests="1" failures="0" skipped="0" time="5.072" errors="0">
<testcase name="Viewing Products From The Categories" classname="tests\ViewingCategory.spec.js" time="5.072">
</testcase>
</testsuite>
</testsuites>