<testsuites id="" name="" tests="10" failures="2" skipped="0" errors="0" time="33.467974000000005">
<testsuite name="tests\AddItemsFromRecomdations.spec.js" timestamp="2025-08-20T06:41:41.790Z" hostname="Google Chrome" tests="1" failures="0" skipped="0" time="10.46" errors="0">
<testcase name="Adding Products From Recommendations" classname="tests\AddItemsFromRecomdations.spec.js" time="10.46">
</testcase>
</testsuite>
<testsuite name="tests\AddProductInCart.spec.js" timestamp="2025-08-20T06:41:41.790Z" hostname="Google Chrome" tests="1" failures="1" skipped="0" time="30.663" errors="0">
<testcase name="Adding Product To Cart" classname="tests\AddProductInCart.spec.js" time="30.663">
<failure message="AddProductInCart.spec.js:6:1 Adding Product To Cart" type="FAILURE">
<![CDATA[  [Google Chrome] › tests\AddProductInCart.spec.js:6:1 › Adding Product To Cart ────────────────────

    Test timeout of 30000ms exceeded.

    Error: locator.click: Test timeout of 30000ms exceeded.
    Call log:
      - waiting for locator('div:nth-child(4) > .product-image-wrapper > .single-products > .product-overlay > .overlay-content > .btn')
        - locator resolved to <a data-product-id="2" class="btn btn-default add-to-cart">…</a>
      - attempting click action
        2 × waiting for element to be visible, enabled and stable
          - element is visible, enabled and stable
          - scrolling into view if needed
          - done scrolling
          - <h2 class="title text-center">All Products</h2> intercepts pointer events
        - retrying click action
        - waiting 20ms
        2 × waiting for element to be visible, enabled and stable
          - element is visible, enabled and stable
          - scrolling into view if needed
          - done scrolling
          - <h2 class="title text-center">All Products</h2> intercepts pointer events
        - retrying click action
          - waiting 100ms
        39 × waiting for element to be visible, enabled and stable
           - element is visible, enabled and stable
           - scrolling into view if needed
           - done scrolling
           - <h2 class="title text-center">All Products</h2> intercepts pointer events
         - retrying click action
           - waiting 500ms


       at pages\ProductPage.js:60

      58 |
      59 |   async addSecondProductToCart() {
    > 60 |     await this.secondAddToCartBtn.click();
         |                                   ^
      61 |   }
      62 |
      63 |   async goToCart() {
        at ProductPage.addSecondProductToCart (C:\Users\intern1\Documents\WEbTest\pages\ProductPage.js:60:35)
        at C:\Users\intern1\Documents\WEbTest\tests\AddProductInCart.spec.js:16:21

    attachment #1: screenshot (image/png) ──────────────────────────────────────────────────────────
    test-results\tests-AddProductInCart-Adding-Product-To-Cart-Google-Chrome\test-failed-1.png
    ────────────────────────────────────────────────────────────────────────────────────────────────

    attachment #2: video (video/webm) ──────────────────────────────────────────────────────────────
    test-results\tests-AddProductInCart-Adding-Product-To-Cart-Google-Chrome\video.webm
    ────────────────────────────────────────────────────────────────────────────────────────────────

    Error Context: test-results\tests-AddProductInCart-Adding-Product-To-Cart-Google-Chrome\error-context.md
]]>
</failure>
<system-out>
<![CDATA[
[[ATTACHMENT|..\test-results\tests-AddProductInCart-Adding-Product-To-Cart-Google-Chrome\test-failed-1.png]]

[[ATTACHMENT|..\test-results\tests-AddProductInCart-Adding-Product-To-Cart-Google-Chrome\video.webm]]

[[ATTACHMENT|..\test-results\tests-AddProductInCart-Adding-Product-To-Cart-Google-Chrome\error-context.md]]
]]>
</system-out>
</testcase>
</testsuite>
<testsuite name="tests\Addreview.spec.js" timestamp="2025-08-20T06:41:41.790Z" hostname="Google Chrome" tests="1" failures="0" skipped="0" time="8.586" errors="0">
<testcase name="Adding Review To A Product" classname="tests\Addreview.spec.js" time="8.586">
</testcase>
</testsuite>
<testsuite name="tests\ClickingTestPage.spec.js" timestamp="2025-08-20T06:41:41.790Z" hostname="Google Chrome" tests="1" failures="0" skipped="0" time="15.11" errors="0">
<testcase name="Click Test Cases link and verify page" classname="tests\ClickingTestPage.spec.js" time="15.11">
</testcase>
</testsuite>
<testsuite name="tests\example.spec.js" timestamp="2025-08-20T06:41:41.790Z" hostname="Google Chrome" tests="2" failures="0" skipped="0" time="3.442" errors="0">
<testcase name="has title" classname="tests\example.spec.js" time="1.863">
</testcase>
<testcase name="get started link" classname="tests\example.spec.js" time="1.579">
</testcase>
</testsuite>
<testsuite name="tests\FirstTest.spec.js" timestamp="2025-08-20T06:41:41.790Z" hostname="Google Chrome" tests="1" failures="0" skipped="0" time="13.919" errors="0">
<testcase name="Validate Youtube Title" classname="tests\FirstTest.spec.js" time="13.919">
</testcase>
</testsuite>
<testsuite name="tests\RemoveProduct.spec.js" timestamp="2025-08-20T06:41:41.790Z" hostname="Google Chrome" tests="1" failures="0" skipped="0" time="7.681" errors="0">
<testcase name="Remove Product from Cart" classname="tests\RemoveProduct.spec.js" time="7.681">
</testcase>
</testsuite>
<testsuite name="tests\SearchProducts.spec.js" timestamp="2025-08-20T06:41:41.790Z" hostname="Google Chrome" tests="1" failures="1" skipped="0" time="7.449" errors="0">
<testcase name="Searching Products" classname="tests\SearchProducts.spec.js" time="7.449">
<failure message="SearchProducts.spec.js:5:1 Searching Products" type="FAILURE">
<![CDATA[  [Google Chrome] › tests\SearchProducts.spec.js:5:1 › Searching Products ──────────────────────────

    Error: expect(received).toContain(expected) // indexOf

    Expected substring: "dress"
    Received string:    "sleeves top and short - blue & pink"

       at pages\ProductPage.js:80

      78 |     for (let i = 0; i < count; i++) {
      79 |       const name = await this.productNames.nth(i).textContent();
    > 80 |       expect(name.toLowerCase()).toContain(text.toLowerCase());
         |                                  ^
      81 |     }
      82 |   }
      83 |
        at ProductPage.verifySearchedProductsContain (C:\Users\intern1\Documents\WEbTest\pages\ProductPage.js:80:34)
        at C:\Users\intern1\Documents\WEbTest\tests\SearchProducts.spec.js:13:3

    attachment #1: screenshot (image/png) ──────────────────────────────────────────────────────────
    test-results\tests-SearchProducts-Searching-Products-Google-Chrome\test-failed-1.png
    ────────────────────────────────────────────────────────────────────────────────────────────────

    attachment #2: video (video/webm) ──────────────────────────────────────────────────────────────
    test-results\tests-SearchProducts-Searching-Products-Google-Chrome\video.webm
    ────────────────────────────────────────────────────────────────────────────────────────────────

    Error Context: test-results\tests-SearchProducts-Searching-Products-Google-Chrome\error-context.md
]]>
</failure>
<system-out>
<![CDATA[
[[ATTACHMENT|..\test-results\tests-SearchProducts-Searching-Products-Google-Chrome\test-failed-1.png]]

[[ATTACHMENT|..\test-results\tests-SearchProducts-Searching-Products-Google-Chrome\video.webm]]

[[ATTACHMENT|..\test-results\tests-SearchProducts-Searching-Products-Google-Chrome\error-context.md]]
]]>
</system-out>
</testcase>
</testsuite>
<testsuite name="tests\ViewingCategory.spec.js" timestamp="2025-08-20T06:41:41.790Z" hostname="Google Chrome" tests="1" failures="0" skipped="0" time="6.215" errors="0">
<testcase name="Viewing Products From The Categories" classname="tests\ViewingCategory.spec.js" time="6.215">
</testcase>
</testsuite>
</testsuites>