<testsuites id="" name="" tests="1" failures="1" skipped="0" errors="0" time="4.377209000000002">
<testsuite name="tests\ClickingTestPage.spec.js" timestamp="2025-08-25T10:53:25.663Z" hostname="Google Chrome" tests="1" failures="1" skipped="0" time="2.43" errors="0">
<testcase name="Click Test Cases link and verify page" classname="tests\ClickingTestPage.spec.js" time="2.43">
<failure message="ClickingTestPage.spec.js:3:1 Click Test Cases link and verify page" type="FAILURE">
<![CDATA[  [Google Chrome] › tests\ClickingTestPage.spec.js:3:1 › Click Test Cases link and verify page ─────

    Error: page.waitForURL: Target page, context or browser has been closed
    =========================== logs ===========================
    waiting for navigation until "load"
    ============================================================

       7 |   // Click "Test Cases" link and wait for navigation
       8 |   await Promise.all([
    >  9 |     page.waitForURL(/test_cases/, { timeout: 10000 }),
         |          ^
      10 |     page.getByRole('link', { name: 'Test Cases', exact: true }).click()
      11 |   ]);
      12 |
        at C:\Users\intern1\Documents\WEbTest\tests\ClickingTestPage.spec.js:9:10

    attachment #1: video (video/webm) ──────────────────────────────────────────────────────────────
    test-results\tests-ClickingTestPage-Click-Test-Cases-link-and-verify-page-Google-Chrome\video.webm
    ────────────────────────────────────────────────────────────────────────────────────────────────

    attachment #2: trace (application/zip) ─────────────────────────────────────────────────────────
    test-results\tests-ClickingTestPage-Click-Test-Cases-link-and-verify-page-Google-Chrome\trace.zip
    Usage:

        npx playwright show-trace test-results\tests-ClickingTestPage-Click-Test-Cases-link-and-verify-page-Google-Chrome\trace.zip

    ────────────────────────────────────────────────────────────────────────────────────────────────
]]>
</failure>
<system-out>
<![CDATA[
[[ATTACHMENT|..\test-results\tests-ClickingTestPage-Click-Test-Cases-link-and-verify-page-Google-Chrome\video.webm]]

[[ATTACHMENT|..\test-results\tests-ClickingTestPage-Click-Test-Cases-link-and-verify-page-Google-Chrome\trace.zip]]
]]>
</system-out>
</testcase>
</testsuite>
</testsuites>